<?xml version="1.0" encoding="UTF-8"?>
<testsuite name="com.green.kinsomy.muses.ExampleUnitTest" tests="1" skipped="0" failures="0" errors="0" timestamp="2018-05-02T02:23:11" hostname="kinsomydeMacBook-Pro.local" time="0.0">
  <properties/>
  <testcase name="addition_isCorrect" classname="com.green.kinsomy.muses.ExampleUnitTest" time="0.0"/>
  <system-out><![CDATA[]]></system-out>
  <system-err><![CDATA[]]></system-err>
</testsuite>
